<?xml version="1.0" encoding="UTF-8"?>
<!-- Generated by org.testng.reporters.JUnitReportReporter -->
<testsuite hostname="koripriyan-Inspiron-3576" failures="0" tests="1" name="AlcoholTypesTest" time="5.417" errors="0" timestamp="2025-08-17T18:46:45 IST" skipped="0">
  <testcase classname="AlcoholTypesTest" name="AlcoholTypes" time="5.417"/>
</testsuite> <!-- AlcoholTypesTest -->
