<?xml version="1.0" encoding="UTF-8"?>
<!-- Generated by org.testng.reporters.JUnitReportReporter -->
<testsuite hostname="koripriyan-Inspiron-3576" failures="0" tests="1" name="SignupTest" time="0.285" errors="0" timestamp="2025-08-17T18:46:45 IST" skipped="0">
  <testcase classname="SignupTest" name="testHomePageTitle" time="0.285"/>
</testsuite> <!-- SignupTest -->
