<?xml version="1.0" encoding="UTF-8"?>
<!-- Generated by org.testng.reporters.JUnitReportReporter -->
<testsuite hostname="koripriyan-Inspiron-3576" failures="0" tests="1" name="HomeTest" time="0.339" errors="0" timestamp="2025-08-17T18:46:45 IST" skipped="0">
  <testcase classname="HomeTest" name="testHomePageTitle" time="0.339"/>
</testsuite> <!-- HomeTest -->
